Arguments: 
  /home/badmus/.nvm/versions/node/v14.13.0/bin/node /home/badmus/.nvm/versions/node/v14.13.0/bin/yarn

PATH: 
  /home/badmus/.nvm/versions/node/v14.13.0/bin:/usr/local/sbin:/usr/local/bin:/usr/sbin:/usr/bin:/sbin:/bin:/usr/games:/usr/local/games:/snap/bin

Yarn version: 
  1.22.10

Node version: 
  14.13.0

Platform: 
  linux x64

Trace: 
  Error: getaddrinfo EAI_AGAIN registry.yarnpkg.com
      at GetAddrInfoReqWrap.onlookup [as oncomplete] (dns.js:67:26)

npm manifest: 
  {
    "name": "part3",
    "version": "1.0.0",
    "main": "index.js",
    "scripts": {
      "start": "node index.js",
      "dev": "nodemon index.js",
      "lint": "eslint .",
      "test": "jest --verbose",
      "build:ui": "rm -rf build && cd ../part2-notes/ && npm run build --prod && cp -r build ../notes-backend",
      "deploy": "git push heroku main",
      "deploy:full": "npm run build:ui && git add . && git commit -m uibuild && git push && npm run deploy",
      "logs:prod": "heroku logs --tail"
    },
    "author": "",
    "license": "ISC",
    "description": "",
    "dependencies": {
      "cors": "^2.8.5",
      "dotenv": "^8.2.0",
      "express": "^4.17.1",
      "mongoose": "^5.12.7"
    },
    "devDependencies": {
      "eslint": "^7.25.0",
      "jest": "^27.0.4",
      "nodemon": "^2.0.7"
    },
    "jest": {
      "testEnvironment": "node"
    }
  }

yarn manifest: 
  No manifest

Lockfile: 
  No lockfile
